[ 2019-04-12T09:00:13+08:00 ] 127.0.0.1 /
INFO: [ app_init ] --START--
INFO: Run Behavior\BuildLiteBehavior [ RunTime:0.000000s ]
INFO: [ app_init ] --END-- [ RunTime:0.000000s ]
INFO: [ app_begin ] --START--
INFO: Run Behavior\ReadHtmlCacheBehavior [ RunTime:0.001000s ]
INFO: [ app_begin ] --END-- [ RunTime:0.001000s ]
SQL: SELECT * FROM `t_productcn` WHERE ( switch=1 )  [ RunTime:0.0240s ]
SQL: SELECT * FROM `t_productcn` WHERE ( switch=1 )  [ RunTime:0.0010s ]
SQL: SELECT * FROM `t_config` WHERE ( id=1 ) LIMIT 1   [ RunTime:0.0020s ]
SQL: SELECT * FROM `t_banner` WHERE ( switch=1 ) ORDER BY  sort asc  [ RunTime:0.0010s ]
SQL: SELECT * FROM `t_productcn` WHERE ( switch=1 )  [ RunTime:0.0000s ]
INFO: [ view_parse ] --START--
INFO: [ template_filter ] --START--
INFO: Run Behavior\ContentReplaceBehavior [ RunTime:0.000000s ]
INFO: [ template_filter ] --END-- [ RunTime:0.000000s ]
NOTIC: [8] Undefined index: cla F:\phpEnvs\www\Application\Runtime\Cache\Home\2a94b8bda04ff446dcedd42276fc99ee.php 第 153 行.
NOTIC: [8] Undefined index: cla F:\phpEnvs\www\Application\Runtime\Cache\Home\2a94b8bda04ff446dcedd42276fc99ee.php 第 153 行.
NOTIC: [8] Undefined index: cla F:\phpEnvs\www\Application\Runtime\Cache\Home\2a94b8bda04ff446dcedd42276fc99ee.php 第 153 行.
NOTIC: [8] Undefined index: cla F:\phpEnvs\www\Application\Runtime\Cache\Home\2a94b8bda04ff446dcedd42276fc99ee.php 第 153 行.
NOTIC: [8] Undefined index: cla F:\phpEnvs\www\Application\Runtime\Cache\Home\2a94b8bda04ff446dcedd42276fc99ee.php 第 153 行.
INFO: Run Behavior\ParseTemplateBehavior [ RunTime:0.014000s ]
INFO: [ view_parse ] --END-- [ RunTime:0.014000s ]
INFO: [ view_filter ] --START--
INFO: Run Behavior\WriteHtmlCacheBehavior [ RunTime:0.001000s ]
INFO: [ view_filter ] --END-- [ RunTime:0.001000s ]
INFO: [ app_end ] --START--
INFO: Run Behavior\ShowPageTraceBehavior [ RunTime:0.000000s ]
INFO: [ app_end ] --END-- [ RunTime:0.000000s ]

[ 2019-04-12T09:00:18+08:00 ] 127.0.0.1 /index.php/home/index/product?gid=1
INFO: [ app_init ] --START--
INFO: Run Behavior\BuildLiteBehavior [ RunTime:0.000000s ]
INFO: [ app_init ] --END-- [ RunTime:0.000000s ]
INFO: [ app_begin ] --START--
INFO: Run Behavior\ReadHtmlCacheBehavior [ RunTime:0.001000s ]
INFO: [ app_begin ] --END-- [ RunTime:0.001000s ]
SQL: SELECT * FROM `t_productcn` WHERE ( switch=1 )  [ RunTime:0.0010s ]
SQL: SELECT * FROM `t_productcn` WHERE ( switch=1 )  [ RunTime:0.0010s ]
SQL: SELECT * FROM `t_config` WHERE ( id=1 ) LIMIT 1   [ RunTime:0.0010s ]
SQL: SELECT * FROM `t_productcn` WHERE ( switch=1 and id=1 ) LIMIT 1   [ RunTime:0.0000s ]
SQL: SELECT * FROM `t_video_cn` WHERE (  switch = 1 and pid=1 )  [ RunTime:0.0010s ]
INFO: [ view_parse ] --START--
INFO: [ template_filter ] --START--
INFO: Run Behavior\ContentReplaceBehavior [ RunTime:0.000000s ]
INFO: [ template_filter ] --END-- [ RunTime:0.000000s ]
INFO: Run Behavior\ParseTemplateBehavior [ RunTime:0.010001s ]
INFO: [ view_parse ] --END-- [ RunTime:0.010001s ]
INFO: [ view_filter ] --START--
INFO: Run Behavior\WriteHtmlCacheBehavior [ RunTime:0.000000s ]
INFO: [ view_filter ] --END-- [ RunTime:0.000000s ]
INFO: [ app_end ] --START--
INFO: Run Behavior\ShowPageTraceBehavior [ RunTime:0.001000s ]
INFO: [ app_end ] --END-- [ RunTime:0.001000s ]

[ 2019-04-12T09:00:20+08:00 ] 127.0.0.1 /index.php/home/index/word?sid=1
INFO: [ app_init ] --START--
INFO: Run Behavior\BuildLiteBehavior [ RunTime:0.000000s ]
INFO: [ app_init ] --END-- [ RunTime:0.001000s ]
INFO: [ app_begin ] --START--
INFO: Run Behavior\ReadHtmlCacheBehavior [ RunTime:0.001000s ]
INFO: [ app_begin ] --END-- [ RunTime:0.001000s ]
SQL: SELECT * FROM `t_productcn` WHERE ( switch=1 )  [ RunTime:0.0010s ]
SQL: SELECT * FROM `t_productcn` WHERE ( switch=1 )  [ RunTime:0.0010s ]
SQL: SELECT * FROM `t_config` WHERE ( id=1 ) LIMIT 1   [ RunTime:0.0010s ]
SQL: SELECT * FROM `t_word_cn` WHERE ( switch=1 and pid =1 )  [ RunTime:0.0010s ]
INFO: [ view_parse ] --START--
INFO: [ template_filter ] --START--
INFO: Run Behavior\ContentReplaceBehavior [ RunTime:0.000000s ]
INFO: [ template_filter ] --END-- [ RunTime:0.000000s ]
INFO: Run Behavior\ParseTemplateBehavior [ RunTime:0.007000s ]
INFO: [ view_parse ] --END-- [ RunTime:0.007000s ]
INFO: [ view_filter ] --START--
INFO: Run Behavior\WriteHtmlCacheBehavior [ RunTime:0.000000s ]
INFO: [ view_filter ] --END-- [ RunTime:0.000000s ]
INFO: [ app_end ] --START--
INFO: Run Behavior\ShowPageTraceBehavior [ RunTime:0.000000s ]
INFO: [ app_end ] --END-- [ RunTime:0.000000s ]

[ 2019-04-12T09:00:22+08:00 ] 127.0.0.1 /index.php/home/index/words?sid=2
INFO: [ app_init ] --START--
INFO: Run Behavior\BuildLiteBehavior [ RunTime:0.000000s ]
INFO: [ app_init ] --END-- [ RunTime:0.000000s ]
INFO: [ app_begin ] --START--
INFO: Run Behavior\ReadHtmlCacheBehavior [ RunTime:0.000000s ]
INFO: [ app_begin ] --END-- [ RunTime:0.000000s ]
SQL: SELECT * FROM `t_productcn` WHERE ( switch=1 )  [ RunTime:0.0010s ]
SQL: SELECT * FROM `t_productcn` WHERE ( switch=1 )  [ RunTime:0.0010s ]
SQL: SELECT * FROM `t_config` WHERE ( id=1 ) LIMIT 1   [ RunTime:0.0000s ]
SQL: SELECT * FROM `t_word_cn` WHERE ( id=2 ) LIMIT 1   [ RunTime:0.0000s ]
SQL: SELECT * FROM `t_words_cn` WHERE ( pid=2 )  [ RunTime:0.0000s ]
INFO: [ view_parse ] --START--
INFO: [ template_filter ] --START--
INFO: Run Behavior\ContentReplaceBehavior [ RunTime:0.000000s ]
INFO: [ template_filter ] --END-- [ RunTime:0.000000s ]
SQL: SELECT * FROM `t_wordss_cn` WHERE (  switch = 1 and pid=5 )  [ RunTime:0.0010s ]
SQL: SELECT * FROM `t_wordss_cn` WHERE (  switch = 1 and pid=5 )  [ RunTime:0.0000s ]
SQL: SELECT * FROM `t_wordss_cn` WHERE (  switch = 1 and pid=6 )  [ RunTime:0.0000s ]
SQL: SELECT * FROM `t_wordss_cn` WHERE (  switch = 1 and pid=6 )  [ RunTime:0.0010s ]
INFO: Run Behavior\ParseTemplateBehavior [ RunTime:0.012001s ]
INFO: [ view_parse ] --END-- [ RunTime:0.012001s ]
INFO: [ view_filter ] --START--
INFO: Run Behavior\WriteHtmlCacheBehavior [ RunTime:0.000000s ]
INFO: [ view_filter ] --END-- [ RunTime:0.000000s ]
INFO: [ app_end ] --START--
INFO: Run Behavior\ShowPageTraceBehavior [ RunTime:0.000000s ]
INFO: [ app_end ] --END-- [ RunTime:0.000000s ]

[ 2019-04-12T09:00:28+08:00 ] 127.0.0.1 /index.php/home/index/change_lang
INFO: [ app_init ] --START--
INFO: Run Behavior\BuildLiteBehavior [ RunTime:0.000000s ]
INFO: [ app_init ] --END-- [ RunTime:0.001000s ]
INFO: [ app_begin ] --START--
INFO: Run Behavior\ReadHtmlCacheBehavior [ RunTime:0.001000s ]
INFO: [ app_begin ] --END-- [ RunTime:0.001000s ]
SQL: SELECT * FROM `t_productcn` WHERE ( switch=1 )  [ RunTime:0.0020s ]
SQL: SELECT * FROM `t_productcn` WHERE ( switch=1 )  [ RunTime:0.0010s ]
SQL: SELECT * FROM `t_config` WHERE ( id=1 ) LIMIT 1   [ RunTime:0.0020s ]
INFO: [ app_end ] --START--
INFO: Run Behavior\ShowPageTraceBehavior [ RunTime:0.000000s ]
INFO: [ app_end ] --END-- [ RunTime:0.000000s ]

[ 2019-04-12T09:00:28+08:00 ] 127.0.0.1 /index.php/home/index/words?sid=2
INFO: [ app_init ] --START--
INFO: Run Behavior\BuildLiteBehavior [ RunTime:0.000000s ]
INFO: [ app_init ] --END-- [ RunTime:0.001001s ]
INFO: [ app_begin ] --START--
INFO: Run Behavior\ReadHtmlCacheBehavior [ RunTime:0.001000s ]
INFO: [ app_begin ] --END-- [ RunTime:0.001000s ]
SQL: SHOW COLUMNS FROM `t_product` [ RunTime:0.0010s ]
SQL: SELECT * FROM `t_product` WHERE ( switch=1 )  [ RunTime:0.0110s ]
SQL: SELECT * FROM `t_product` WHERE ( switch=1 )  [ RunTime:0.0000s ]
SQL: SELECT * FROM `t_config` WHERE ( id=1 ) LIMIT 1   [ RunTime:0.0010s ]
SQL: SHOW COLUMNS FROM `t_word` [ RunTime:0.0010s ]
SQL: SELECT * FROM `t_word` WHERE ( id=2 ) LIMIT 1   [ RunTime:0.0000s ]
SQL: SHOW COLUMNS FROM `t_words` [ RunTime:0.0010s ]
SQL: SELECT * FROM `t_words` WHERE ( pid=2 )  [ RunTime:0.0000s ]
INFO: [ view_parse ] --START--
INFO: [ template_filter ] --START--
INFO: Run Behavior\ContentReplaceBehavior [ RunTime:0.000000s ]
INFO: [ template_filter ] --END-- [ RunTime:0.000000s ]
SQL: SHOW COLUMNS FROM `t_wordss` [ RunTime:0.0010s ]
SQL: SELECT * FROM `t_wordss` WHERE (  switch = 1 and pid=5 )  [ RunTime:0.0010s ]
SQL: SELECT * FROM `t_wordss` WHERE (  switch = 1 and pid=5 )  [ RunTime:0.0000s ]
SQL: SELECT * FROM `t_wordss` WHERE (  switch = 1 and pid=6 )  [ RunTime:0.0000s ]
SQL: SELECT * FROM `t_wordss` WHERE (  switch = 1 and pid=6 )  [ RunTime:0.0000s ]
INFO: Run Behavior\ParseTemplateBehavior [ RunTime:0.021001s ]
INFO: [ view_parse ] --END-- [ RunTime:0.021001s ]
INFO: [ view_filter ] --START--
INFO: Run Behavior\WriteHtmlCacheBehavior [ RunTime:0.000000s ]
INFO: [ view_filter ] --END-- [ RunTime:0.000000s ]
INFO: [ app_end ] --START--
INFO: Run Behavior\ShowPageTraceBehavior [ RunTime:0.001000s ]
INFO: [ app_end ] --END-- [ RunTime:0.001000s ]

[ 2019-04-12T09:04:43+08:00 ] 127.0.0.1 /index.php/home/index/words?sid=2
INFO: [ app_init ] --START--
INFO: Run Behavior\BuildLiteBehavior [ RunTime:0.000000s ]
INFO: [ app_init ] --END-- [ RunTime:0.001000s ]
INFO: [ app_begin ] --START--
INFO: Run Behavior\ReadHtmlCacheBehavior [ RunTime:0.001000s ]
INFO: [ app_begin ] --END-- [ RunTime:0.001000s ]
SQL: SELECT * FROM `t_product` WHERE ( switch=1 )  [ RunTime:0.0020s ]
SQL: SELECT * FROM `t_product` WHERE ( switch=1 )  [ RunTime:0.0010s ]
SQL: SELECT * FROM `t_config` WHERE ( id=1 ) LIMIT 1   [ RunTime:0.0020s ]
SQL: SELECT * FROM `t_word` WHERE ( id=2 ) LIMIT 1   [ RunTime:0.0020s ]
SQL: SELECT * FROM `t_words` WHERE ( pid=2 )  [ RunTime:0.0020s ]
INFO: [ view_parse ] --START--
INFO: [ template_filter ] --START--
INFO: Run Behavior\ContentReplaceBehavior [ RunTime:0.000000s ]
INFO: [ template_filter ] --END-- [ RunTime:0.000000s ]
SQL: SELECT * FROM `t_wordss` WHERE (  switch = 1 and pid=5 )  [ RunTime:0.0020s ]
SQL: SELECT * FROM `t_wordss` WHERE (  switch = 1 and pid=5 )  [ RunTime:0.0010s ]
SQL: SELECT * FROM `t_wordss` WHERE (  switch = 1 and pid=6 )  [ RunTime:0.0000s ]
SQL: SELECT * FROM `t_wordss` WHERE (  switch = 1 and pid=6 )  [ RunTime:0.0000s ]
INFO: Run Behavior\ParseTemplateBehavior [ RunTime:0.026001s ]
INFO: [ view_parse ] --END-- [ RunTime:0.026001s ]
INFO: [ view_filter ] --START--
INFO: Run Behavior\WriteHtmlCacheBehavior [ RunTime:0.001000s ]
INFO: [ view_filter ] --END-- [ RunTime:0.001000s ]
INFO: [ app_end ] --START--
INFO: Run Behavior\ShowPageTraceBehavior [ RunTime:0.001000s ]
INFO: [ app_end ] --END-- [ RunTime:0.001000s ]

[ 2019-04-12T09:04:45+08:00 ] 127.0.0.1 /index.php/home/index/words?sid=2
INFO: [ app_init ] --START--
INFO: Run Behavior\BuildLiteBehavior [ RunTime:0.000000s ]
INFO: [ app_init ] --END-- [ RunTime:0.001000s ]
INFO: [ app_begin ] --START--
INFO: Run Behavior\ReadHtmlCacheBehavior [ RunTime:0.001000s ]
INFO: [ app_begin ] --END-- [ RunTime:0.001000s ]
SQL: SELECT * FROM `t_product` WHERE ( switch=1 )  [ RunTime:0.0010s ]
SQL: SELECT * FROM `t_product` WHERE ( switch=1 )  [ RunTime:0.0010s ]
SQL: SELECT * FROM `t_config` WHERE ( id=1 ) LIMIT 1   [ RunTime:0.0010s ]
SQL: SELECT * FROM `t_word` WHERE ( id=2 ) LIMIT 1   [ RunTime:0.0010s ]
SQL: SELECT * FROM `t_words` WHERE ( pid=2 )  [ RunTime:0.0010s ]
INFO: [ view_parse ] --START--
INFO: [ template_filter ] --START--
INFO: Run Behavior\ContentReplaceBehavior [ RunTime:0.000000s ]
INFO: [ template_filter ] --END-- [ RunTime:0.000000s ]
SQL: SELECT * FROM `t_wordss` WHERE (  switch = 1 and pid=5 )  [ RunTime:0.0010s ]
SQL: SELECT * FROM `t_wordss` WHERE (  switch = 1 and pid=5 )  [ RunTime:0.0010s ]
SQL: SELECT * FROM `t_wordss` WHERE (  switch = 1 and pid=6 )  [ RunTime:0.0000s ]
SQL: SELECT * FROM `t_wordss` WHERE (  switch = 1 and pid=6 )  [ RunTime:0.0000s ]
INFO: Run Behavior\ParseTemplateBehavior [ RunTime:0.010001s ]
INFO: [ view_parse ] --END-- [ RunTime:0.010001s ]
INFO: [ view_filter ] --START--
INFO: Run Behavior\WriteHtmlCacheBehavior [ RunTime:0.000000s ]
INFO: [ view_filter ] --END-- [ RunTime:0.000000s ]
INFO: [ app_end ] --START--
INFO: Run Behavior\ShowPageTraceBehavior [ RunTime:0.000000s ]
INFO: [ app_end ] --END-- [ RunTime:0.001000s ]

[ 2019-04-12T09:04:47+08:00 ] 127.0.0.1 /index.php/home/index/undefined
INFO: [ app_init ] --START--
INFO: Run Behavior\BuildLiteBehavior [ RunTime:0.000000s ]
INFO: [ app_init ] --END-- [ RunTime:0.000000s ]
INFO: [ app_begin ] --START--
INFO: Run Behavior\ReadHtmlCacheBehavior [ RunTime:0.001000s ]
INFO: [ app_begin ] --END-- [ RunTime:0.001000s ]
SQL: SELECT * FROM `t_product` WHERE ( switch=1 )  [ RunTime:0.0010s ]
SQL: SELECT * FROM `t_product` WHERE ( switch=1 )  [ RunTime:0.0010s ]
SQL: SELECT * FROM `t_config` WHERE ( id=1 ) LIMIT 1   [ RunTime:0.0010s ]
ERR: 非法操作:undefined

[ 2019-04-12T09:04:53+08:00 ] 127.0.0.1 /index.php/home/index/word?sid=1
INFO: [ app_init ] --START--
INFO: Run Behavior\BuildLiteBehavior [ RunTime:0.000000s ]
INFO: [ app_init ] --END-- [ RunTime:0.000000s ]
INFO: [ app_begin ] --START--
INFO: Run Behavior\ReadHtmlCacheBehavior [ RunTime:0.000000s ]
INFO: [ app_begin ] --END-- [ RunTime:0.000000s ]
SQL: SELECT * FROM `t_product` WHERE ( switch=1 )  [ RunTime:0.0010s ]
SQL: SELECT * FROM `t_product` WHERE ( switch=1 )  [ RunTime:0.0010s ]
SQL: SELECT * FROM `t_config` WHERE ( id=1 ) LIMIT 1   [ RunTime:0.0010s ]
SQL: SELECT * FROM `t_word` WHERE ( switch=1 and pid =1 )  [ RunTime:0.0010s ]
INFO: [ view_parse ] --START--
INFO: [ template_filter ] --START--
INFO: Run Behavior\ContentReplaceBehavior [ RunTime:0.000000s ]
INFO: [ template_filter ] --END-- [ RunTime:0.000000s ]
INFO: Run Behavior\ParseTemplateBehavior [ RunTime:0.006001s ]
INFO: [ view_parse ] --END-- [ RunTime:0.006001s ]
INFO: [ view_filter ] --START--
INFO: Run Behavior\WriteHtmlCacheBehavior [ RunTime:0.000000s ]
INFO: [ view_filter ] --END-- [ RunTime:0.000000s ]
INFO: [ app_end ] --START--
INFO: Run Behavior\ShowPageTraceBehavior [ RunTime:0.000000s ]
INFO: [ app_end ] --END-- [ RunTime:0.000000s ]

[ 2019-04-12T09:04:54+08:00 ] 127.0.0.1 /index.php/home/index/words?sid=1
INFO: [ app_init ] --START--
INFO: Run Behavior\BuildLiteBehavior [ RunTime:0.000000s ]
INFO: [ app_init ] --END-- [ RunTime:0.000000s ]
INFO: [ app_begin ] --START--
INFO: Run Behavior\ReadHtmlCacheBehavior [ RunTime:0.000000s ]
INFO: [ app_begin ] --END-- [ RunTime:0.000000s ]
SQL: SELECT * FROM `t_product` WHERE ( switch=1 )  [ RunTime:0.0020s ]
SQL: SELECT * FROM `t_product` WHERE ( switch=1 )  [ RunTime:0.0010s ]
SQL: SELECT * FROM `t_config` WHERE ( id=1 ) LIMIT 1   [ RunTime:0.0010s ]
SQL: SELECT * FROM `t_word` WHERE ( id=1 ) LIMIT 1   [ RunTime:0.0020s ]
SQL: SELECT * FROM `t_words` WHERE ( pid=1 )  [ RunTime:0.0020s ]
INFO: [ view_parse ] --START--
INFO: [ template_filter ] --START--
INFO: Run Behavior\ContentReplaceBehavior [ RunTime:0.000000s ]
INFO: [ template_filter ] --END-- [ RunTime:0.000000s ]
SQL: SELECT * FROM `t_wordss` WHERE (  switch = 1 and pid=1 )  [ RunTime:0.0020s ]
SQL: SELECT * FROM `t_wordss` WHERE (  switch = 1 and pid=1 )  [ RunTime:0.0000s ]
SQL: SELECT * FROM `t_wordss` WHERE (  switch = 1 and pid=2 )  [ RunTime:0.0000s ]
SQL: SELECT * FROM `t_wordss` WHERE (  switch = 1 and pid=2 )  [ RunTime:0.0000s ]
SQL: SELECT * FROM `t_wordss` WHERE (  switch = 1 and pid=4 )  [ RunTime:0.0000s ]
SQL: SELECT * FROM `t_wordss` WHERE (  switch = 1 and pid=4 )  [ RunTime:0.0010s ]
INFO: Run Behavior\ParseTemplateBehavior [ RunTime:0.023002s ]
INFO: [ view_parse ] --END-- [ RunTime:0.023002s ]
INFO: [ view_filter ] --START--
INFO: Run Behavior\WriteHtmlCacheBehavior [ RunTime:0.000000s ]
INFO: [ view_filter ] --END-- [ RunTime:0.000000s ]
INFO: [ app_end ] --START--
INFO: Run Behavior\ShowPageTraceBehavior [ RunTime:0.001000s ]
INFO: [ app_end ] --END-- [ RunTime:0.001000s ]

[ 2019-04-12T09:04:56+08:00 ] 127.0.0.1 /index.php/home/index/undefined
INFO: [ app_init ] --START--
INFO: Run Behavior\BuildLiteBehavior [ RunTime:0.000000s ]
INFO: [ app_init ] --END-- [ RunTime:0.000000s ]
INFO: [ app_begin ] --START--
INFO: Run Behavior\ReadHtmlCacheBehavior [ RunTime:0.001000s ]
INFO: [ app_begin ] --END-- [ RunTime:0.001000s ]
SQL: SELECT * FROM `t_product` WHERE ( switch=1 )  [ RunTime:0.0020s ]
SQL: SELECT * FROM `t_product` WHERE ( switch=1 )  [ RunTime:0.0010s ]
SQL: SELECT * FROM `t_config` WHERE ( id=1 ) LIMIT 1   [ RunTime:0.0010s ]
ERR: 非法操作:undefined

[ 2019-04-12T09:05:04+08:00 ] 127.0.0.1 /index.php/home/index/words?sid=1
INFO: [ app_init ] --START--
INFO: Run Behavior\BuildLiteBehavior [ RunTime:0.000000s ]
INFO: [ app_init ] --END-- [ RunTime:0.000000s ]
INFO: [ app_begin ] --START--
INFO: Run Behavior\ReadHtmlCacheBehavior [ RunTime:0.001000s ]
INFO: [ app_begin ] --END-- [ RunTime:0.001000s ]
SQL: SELECT * FROM `t_product` WHERE ( switch=1 )  [ RunTime:0.0020s ]
SQL: SELECT * FROM `t_product` WHERE ( switch=1 )  [ RunTime:0.0010s ]
SQL: SELECT * FROM `t_config` WHERE ( id=1 ) LIMIT 1   [ RunTime:0.0010s ]
SQL: SELECT * FROM `t_word` WHERE ( id=1 ) LIMIT 1   [ RunTime:0.0010s ]
SQL: SELECT * FROM `t_words` WHERE ( pid=1 )  [ RunTime:0.0010s ]
INFO: [ view_parse ] --START--
INFO: [ template_filter ] --START--
INFO: Run Behavior\ContentReplaceBehavior [ RunTime:0.000000s ]
INFO: [ template_filter ] --END-- [ RunTime:0.000000s ]
SQL: SELECT * FROM `t_wordss` WHERE (  switch = 1 and pid=1 )  [ RunTime:0.0010s ]
SQL: SELECT * FROM `t_wordss` WHERE (  switch = 1 and pid=1 )  [ RunTime:0.0000s ]
SQL: SELECT * FROM `t_wordss` WHERE (  switch = 1 and pid=2 )  [ RunTime:0.0010s ]
SQL: SELECT * FROM `t_wordss` WHERE (  switch = 1 and pid=2 )  [ RunTime:0.0000s ]
SQL: SELECT * FROM `t_wordss` WHERE (  switch = 1 and pid=4 )  [ RunTime:0.0000s ]
SQL: SELECT * FROM `t_wordss` WHERE (  switch = 1 and pid=4 )  [ RunTime:0.0000s ]
INFO: Run Behavior\ParseTemplateBehavior [ RunTime:0.012001s ]
INFO: [ view_parse ] --END-- [ RunTime:0.012001s ]
INFO: [ view_filter ] --START--
INFO: Run Behavior\WriteHtmlCacheBehavior [ RunTime:0.000000s ]
INFO: [ view_filter ] --END-- [ RunTime:0.001000s ]
INFO: [ app_end ] --START--
INFO: Run Behavior\ShowPageTraceBehavior [ RunTime:0.000000s ]
INFO: [ app_end ] --END-- [ RunTime:0.000000s ]

[ 2019-04-12T09:05:05+08:00 ] 127.0.0.1 /index.php/home/index/undefined
INFO: [ app_init ] --START--
INFO: Run Behavior\BuildLiteBehavior [ RunTime:0.000000s ]
INFO: [ app_init ] --END-- [ RunTime:0.000000s ]
INFO: [ app_begin ] --START--
INFO: Run Behavior\ReadHtmlCacheBehavior [ RunTime:0.001000s ]
INFO: [ app_begin ] --END-- [ RunTime:0.001000s ]
SQL: SELECT * FROM `t_product` WHERE ( switch=1 )  [ RunTime:0.0010s ]
SQL: SELECT * FROM `t_product` WHERE ( switch=1 )  [ RunTime:0.0000s ]
SQL: SELECT * FROM `t_config` WHERE ( id=1 ) LIMIT 1   [ RunTime:0.0010s ]
ERR: 非法操作:undefined

[ 2019-04-12T09:05:56+08:00 ] 127.0.0.1 /index.php/home/index/words?sid=1
INFO: [ app_init ] --START--
INFO: Run Behavior\BuildLiteBehavior [ RunTime:0.000000s ]
INFO: [ app_init ] --END-- [ RunTime:0.001000s ]
INFO: [ app_begin ] --START--
INFO: Run Behavior\ReadHtmlCacheBehavior [ RunTime:0.000000s ]
INFO: [ app_begin ] --END-- [ RunTime:0.001000s ]
SQL: SELECT * FROM `t_product` WHERE ( switch=1 )  [ RunTime:0.0020s ]
SQL: SELECT * FROM `t_product` WHERE ( switch=1 )  [ RunTime:0.0000s ]
SQL: SELECT * FROM `t_config` WHERE ( id=1 ) LIMIT 1   [ RunTime:0.0010s ]
SQL: SELECT * FROM `t_word` WHERE ( id=1 ) LIMIT 1   [ RunTime:0.0010s ]
SQL: SELECT * FROM `t_words` WHERE ( pid=1 )  [ RunTime:0.0010s ]
INFO: [ view_parse ] --START--
INFO: [ template_filter ] --START--
INFO: Run Behavior\ContentReplaceBehavior [ RunTime:0.000000s ]
INFO: [ template_filter ] --END-- [ RunTime:0.000000s ]
SQL: SELECT * FROM `t_wordss` WHERE (  switch = 1 and pid=1 )  [ RunTime:0.0020s ]
SQL: SELECT * FROM `t_wordss` WHERE (  switch = 1 and pid=1 )  [ RunTime:0.0010s ]
SQL: SELECT * FROM `t_wordss` WHERE (  switch = 1 and pid=2 )  [ RunTime:0.0000s ]
SQL: SELECT * FROM `t_wordss` WHERE (  switch = 1 and pid=2 )  [ RunTime:0.0010s ]
SQL: SELECT * FROM `t_wordss` WHERE (  switch = 1 and pid=4 )  [ RunTime:0.0000s ]
SQL: SELECT * FROM `t_wordss` WHERE (  switch = 1 and pid=4 )  [ RunTime:0.0000s ]
INFO: Run Behavior\ParseTemplateBehavior [ RunTime:0.023001s ]
INFO: [ view_parse ] --END-- [ RunTime:0.023001s ]
INFO: [ view_filter ] --START--
INFO: Run Behavior\WriteHtmlCacheBehavior [ RunTime:0.001000s ]
INFO: [ view_filter ] --END-- [ RunTime:0.001000s ]
INFO: [ app_end ] --START--
INFO: Run Behavior\ShowPageTraceBehavior [ RunTime:0.001000s ]
INFO: [ app_end ] --END-- [ RunTime:0.001000s ]

[ 2019-04-12T09:05:57+08:00 ] 127.0.0.1 /index.php/home/index/words?sid=1
INFO: [ app_init ] --START--
INFO: Run Behavior\BuildLiteBehavior [ RunTime:0.000000s ]
INFO: [ app_init ] --END-- [ RunTime:0.000000s ]
INFO: [ app_begin ] --START--
INFO: Run Behavior\ReadHtmlCacheBehavior [ RunTime:0.001000s ]
INFO: [ app_begin ] --END-- [ RunTime:0.001000s ]
SQL: SELECT * FROM `t_product` WHERE ( switch=1 )  [ RunTime:0.0000s ]
SQL: SELECT * FROM `t_product` WHERE ( switch=1 )  [ RunTime:0.0000s ]
SQL: SELECT * FROM `t_config` WHERE ( id=1 ) LIMIT 1   [ RunTime:0.0000s ]
SQL: SELECT * FROM `t_word` WHERE ( id=1 ) LIMIT 1   [ RunTime:0.0000s ]
SQL: SELECT * FROM `t_words` WHERE ( pid=1 )  [ RunTime:0.0000s ]
INFO: [ view_parse ] --START--
INFO: [ template_filter ] --START--
INFO: Run Behavior\ContentReplaceBehavior [ RunTime:0.000000s ]
INFO: [ template_filter ] --END-- [ RunTime:0.000000s ]
SQL: SELECT * FROM `t_wordss` WHERE (  switch = 1 and pid=1 )  [ RunTime:0.0000s ]
SQL: SELECT * FROM `t_wordss` WHERE (  switch = 1 and pid=1 )  [ RunTime:0.0000s ]
SQL: SELECT * FROM `t_wordss` WHERE (  switch = 1 and pid=2 )  [ RunTime:0.0010s ]
SQL: SELECT * FROM `t_wordss` WHERE (  switch = 1 and pid=2 )  [ RunTime:0.0000s ]
SQL: SELECT * FROM `t_wordss` WHERE (  switch = 1 and pid=4 )  [ RunTime:0.0000s ]
SQL: SELECT * FROM `t_wordss` WHERE (  switch = 1 and pid=4 )  [ RunTime:0.0010s ]
INFO: Run Behavior\ParseTemplateBehavior [ RunTime:0.012001s ]
INFO: [ view_parse ] --END-- [ RunTime:0.012001s ]
INFO: [ view_filter ] --START--
INFO: Run Behavior\WriteHtmlCacheBehavior [ RunTime:0.000000s ]
INFO: [ view_filter ] --END-- [ RunTime:0.000000s ]
INFO: [ app_end ] --START--
INFO: Run Behavior\ShowPageTraceBehavior [ RunTime:0.001000s ]
INFO: [ app_end ] --END-- [ RunTime:0.001000s ]

[ 2019-04-12T09:06:01+08:00 ] 127.0.0.1 /index.php/home/index/undefined
INFO: [ app_init ] --START--
INFO: Run Behavior\BuildLiteBehavior [ RunTime:0.000000s ]
INFO: [ app_init ] --END-- [ RunTime:0.000000s ]
INFO: [ app_begin ] --START--
INFO: Run Behavior\ReadHtmlCacheBehavior [ RunTime:0.000000s ]
INFO: [ app_begin ] --END-- [ RunTime:0.000000s ]
SQL: SELECT * FROM `t_product` WHERE ( switch=1 )  [ RunTime:0.0020s ]
SQL: SELECT * FROM `t_product` WHERE ( switch=1 )  [ RunTime:0.0000s ]
SQL: SELECT * FROM `t_config` WHERE ( id=1 ) LIMIT 1   [ RunTime:0.0000s ]
ERR: 非法操作:undefined

[ 2019-04-12T09:06:37+08:00 ] 127.0.0.1 /index.php/home/index/words?sid=1
INFO: [ app_init ] --START--
INFO: Run Behavior\BuildLiteBehavior [ RunTime:0.000000s ]
INFO: [ app_init ] --END-- [ RunTime:0.001000s ]
INFO: [ app_begin ] --START--
INFO: Run Behavior\ReadHtmlCacheBehavior [ RunTime:0.001000s ]
INFO: [ app_begin ] --END-- [ RunTime:0.001000s ]
SQL: SELECT * FROM `t_product` WHERE ( switch=1 )  [ RunTime:0.0020s ]
SQL: SELECT * FROM `t_product` WHERE ( switch=1 )  [ RunTime:0.0010s ]
SQL: SELECT * FROM `t_config` WHERE ( id=1 ) LIMIT 1   [ RunTime:0.0000s ]
SQL: SELECT * FROM `t_word` WHERE ( id=1 ) LIMIT 1   [ RunTime:0.0010s ]
SQL: SELECT * FROM `t_words` WHERE ( pid=1 )  [ RunTime:0.0020s ]
INFO: [ view_parse ] --START--
INFO: [ template_filter ] --START--
INFO: Run Behavior\ContentReplaceBehavior [ RunTime:0.000000s ]
INFO: [ template_filter ] --END-- [ RunTime:0.000000s ]
SQL: SELECT * FROM `t_wordss` WHERE (  switch = 1 and pid=1 )  [ RunTime:0.0020s ]
SQL: SELECT * FROM `t_wordss` WHERE (  switch = 1 and pid=1 )  [ RunTime:0.0000s ]
SQL: SELECT * FROM `t_wordss` WHERE (  switch = 1 and pid=2 )  [ RunTime:0.0010s ]
SQL: SELECT * FROM `t_wordss` WHERE (  switch = 1 and pid=2 )  [ RunTime:0.0000s ]
SQL: SELECT * FROM `t_wordss` WHERE (  switch = 1 and pid=4 )  [ RunTime:0.0010s ]
SQL: SELECT * FROM `t_wordss` WHERE (  switch = 1 and pid=4 )  [ RunTime:0.0000s ]
INFO: Run Behavior\ParseTemplateBehavior [ RunTime:0.022001s ]
INFO: [ view_parse ] --END-- [ RunTime:0.022001s ]
INFO: [ view_filter ] --START--
INFO: Run Behavior\WriteHtmlCacheBehavior [ RunTime:0.000000s ]
INFO: [ view_filter ] --END-- [ RunTime:0.000000s ]
INFO: [ app_end ] --START--
INFO: Run Behavior\ShowPageTraceBehavior [ RunTime:0.001000s ]
INFO: [ app_end ] --END-- [ RunTime:0.001000s ]

[ 2019-04-12T09:06:43+08:00 ] 127.0.0.1 /index.php/home/index/undefined
INFO: [ app_init ] --START--
INFO: Run Behavior\BuildLiteBehavior [ RunTime:0.000000s ]
INFO: [ app_init ] --END-- [ RunTime:0.000000s ]
INFO: [ app_begin ] --START--
INFO: Run Behavior\ReadHtmlCacheBehavior [ RunTime:0.000000s ]
INFO: [ app_begin ] --END-- [ RunTime:0.000000s ]
SQL: SELECT * FROM `t_product` WHERE ( switch=1 )  [ RunTime:0.0010s ]
SQL: SELECT * FROM `t_product` WHERE ( switch=1 )  [ RunTime:0.0010s ]
SQL: SELECT * FROM `t_config` WHERE ( id=1 ) LIMIT 1   [ RunTime:0.0000s ]
ERR: 非法操作:undefined

[ 2019-04-12T09:06:51+08:00 ] 127.0.0.1 /index.php/home/index/words?sid=1
INFO: [ app_init ] --START--
INFO: Run Behavior\BuildLiteBehavior [ RunTime:0.000000s ]
INFO: [ app_init ] --END-- [ RunTime:0.000000s ]
INFO: [ app_begin ] --START--
INFO: Run Behavior\ReadHtmlCacheBehavior [ RunTime:0.001000s ]
INFO: [ app_begin ] --END-- [ RunTime:0.001000s ]
SQL: SELECT * FROM `t_product` WHERE ( switch=1 )  [ RunTime:0.0010s ]
SQL: SELECT * FROM `t_product` WHERE ( switch=1 )  [ RunTime:0.0010s ]
SQL: SELECT * FROM `t_config` WHERE ( id=1 ) LIMIT 1   [ RunTime:0.0000s ]
SQL: SELECT * FROM `t_word` WHERE ( id=1 ) LIMIT 1   [ RunTime:0.0000s ]
SQL: SELECT * FROM `t_words` WHERE ( pid=1 )  [ RunTime:0.0000s ]
INFO: [ view_parse ] --START--
INFO: [ template_filter ] --START--
INFO: Run Behavior\ContentReplaceBehavior [ RunTime:0.000000s ]
INFO: [ template_filter ] --END-- [ RunTime:0.000000s ]
SQL: SELECT * FROM `t_wordss` WHERE (  switch = 1 and pid=1 )  [ RunTime:0.0010s ]
SQL: SELECT * FROM `t_wordss` WHERE (  switch = 1 and pid=1 )  [ RunTime:0.0000s ]
SQL: SELECT * FROM `t_wordss` WHERE (  switch = 1 and pid=2 )  [ RunTime:0.0000s ]
SQL: SELECT * FROM `t_wordss` WHERE (  switch = 1 and pid=2 )  [ RunTime:0.0010s ]
SQL: SELECT * FROM `t_wordss` WHERE (  switch = 1 and pid=4 )  [ RunTime:0.0000s ]
SQL: SELECT * FROM `t_wordss` WHERE (  switch = 1 and pid=4 )  [ RunTime:0.0000s ]
INFO: Run Behavior\ParseTemplateBehavior [ RunTime:0.012000s ]
INFO: [ view_parse ] --END-- [ RunTime:0.012000s ]
INFO: [ view_filter ] --START--
INFO: Run Behavior\WriteHtmlCacheBehavior [ RunTime:0.000000s ]
INFO: [ view_filter ] --END-- [ RunTime:0.001000s ]
INFO: [ app_end ] --START--
INFO: Run Behavior\ShowPageTraceBehavior [ RunTime:0.000000s ]
INFO: [ app_end ] --END-- [ RunTime:0.000000s ]

[ 2019-04-12T09:10:55+08:00 ] 127.0.0.1 /index.php/home/index/words?sid=1
INFO: [ app_init ] --START--
INFO: Run Behavior\BuildLiteBehavior [ RunTime:0.000000s ]
INFO: [ app_init ] --END-- [ RunTime:0.001000s ]
INFO: [ app_begin ] --START--
INFO: Run Behavior\ReadHtmlCacheBehavior [ RunTime:0.001000s ]
INFO: [ app_begin ] --END-- [ RunTime:0.002000s ]
SQL: SELECT * FROM `t_product` WHERE ( switch=1 )  [ RunTime:0.0020s ]
SQL: SELECT * FROM `t_product` WHERE ( switch=1 )  [ RunTime:0.0000s ]
SQL: SELECT * FROM `t_config` WHERE ( id=1 ) LIMIT 1   [ RunTime:0.0000s ]
SQL: SELECT * FROM `t_word` WHERE ( id=1 ) LIMIT 1   [ RunTime:0.0010s ]
SQL: SELECT * FROM `t_words` WHERE ( pid=1 )  [ RunTime:0.0020s ]
INFO: [ view_parse ] --START--
INFO: [ template_filter ] --START--
INFO: Run Behavior\ContentReplaceBehavior [ RunTime:0.000000s ]
INFO: [ template_filter ] --END-- [ RunTime:0.000000s ]
SQL: SELECT * FROM `t_wordss` WHERE (  switch = 1 and pid=1 )  [ RunTime:0.0010s ]
SQL: SELECT * FROM `t_wordss` WHERE (  switch = 1 and pid=1 )  [ RunTime:0.0010s ]
SQL: SELECT * FROM `t_wordss` WHERE (  switch = 1 and pid=2 )  [ RunTime:0.0000s ]
SQL: SELECT * FROM `t_wordss` WHERE (  switch = 1 and pid=2 )  [ RunTime:0.0010s ]
SQL: SELECT * FROM `t_wordss` WHERE (  switch = 1 and pid=4 )  [ RunTime:0.0000s ]
SQL: SELECT * FROM `t_wordss` WHERE (  switch = 1 and pid=4 )  [ RunTime:0.0010s ]
INFO: Run Behavior\ParseTemplateBehavior [ RunTime:0.021001s ]
INFO: [ view_parse ] --END-- [ RunTime:0.021001s ]
INFO: [ view_filter ] --START--
INFO: Run Behavior\WriteHtmlCacheBehavior [ RunTime:0.001000s ]
INFO: [ view_filter ] --END-- [ RunTime:0.001000s ]
INFO: [ app_end ] --START--
INFO: Run Behavior\ShowPageTraceBehavior [ RunTime:0.000000s ]
INFO: [ app_end ] --END-- [ RunTime:0.000000s ]

[ 2019-04-12T09:12:41+08:00 ] 127.0.0.1 /index.php/home/index/words?sid=1
INFO: [ app_init ] --START--
INFO: Run Behavior\BuildLiteBehavior [ RunTime:0.000000s ]
INFO: [ app_init ] --END-- [ RunTime:0.001000s ]
INFO: [ app_begin ] --START--
INFO: Run Behavior\ReadHtmlCacheBehavior [ RunTime:0.000000s ]
INFO: [ app_begin ] --END-- [ RunTime:0.000000s ]
SQL: SELECT * FROM `t_product` WHERE ( switch=1 )  [ RunTime:0.0010s ]
SQL: SELECT * FROM `t_product` WHERE ( switch=1 )  [ RunTime:0.0000s ]
SQL: SELECT * FROM `t_config` WHERE ( id=1 ) LIMIT 1   [ RunTime:0.0000s ]
SQL: SELECT * FROM `t_word` WHERE ( id=1 ) LIMIT 1   [ RunTime:0.0010s ]
SQL: SELECT * FROM `t_words` WHERE ( pid=1 )  [ RunTime:0.0000s ]
INFO: [ view_parse ] --START--
INFO: [ template_filter ] --START--
INFO: Run Behavior\ContentReplaceBehavior [ RunTime:0.000000s ]
INFO: [ template_filter ] --END-- [ RunTime:0.000000s ]
SQL: SELECT * FROM `t_wordss` WHERE (  switch = 1 and pid=1 )  [ RunTime:0.0010s ]
SQL: SELECT * FROM `t_wordss` WHERE (  switch = 1 and pid=1 )  [ RunTime:0.0000s ]
SQL: SELECT * FROM `t_wordss` WHERE (  switch = 1 and pid=2 )  [ RunTime:0.0010s ]
SQL: SELECT * FROM `t_wordss` WHERE (  switch = 1 and pid=2 )  [ RunTime:0.0000s ]
SQL: SELECT * FROM `t_wordss` WHERE (  switch = 1 and pid=4 )  [ RunTime:0.0000s ]
SQL: SELECT * FROM `t_wordss` WHERE (  switch = 1 and pid=4 )  [ RunTime:0.0000s ]
INFO: Run Behavior\ParseTemplateBehavior [ RunTime:0.016001s ]
INFO: [ view_parse ] --END-- [ RunTime:0.016001s ]
INFO: [ view_filter ] --START--
INFO: Run Behavior\WriteHtmlCacheBehavior [ RunTime:0.000000s ]
INFO: [ view_filter ] --END-- [ RunTime:0.000000s ]
INFO: [ app_end ] --START--
INFO: Run Behavior\ShowPageTraceBehavior [ RunTime:0.001000s ]
INFO: [ app_end ] --END-- [ RunTime:0.001000s ]

[ 2019-04-12T09:12:47+08:00 ] 127.0.0.1 /index.php/home/index/words?sid=1
INFO: [ app_init ] --START--
INFO: Run Behavior\BuildLiteBehavior [ RunTime:0.000000s ]
INFO: [ app_init ] --END-- [ RunTime:0.001000s ]
INFO: [ app_begin ] --START--
INFO: Run Behavior\ReadHtmlCacheBehavior [ RunTime:0.001000s ]
INFO: [ app_begin ] --END-- [ RunTime:0.001000s ]
SQL: SELECT * FROM `t_product` WHERE ( switch=1 )  [ RunTime:0.0010s ]
SQL: SELECT * FROM `t_product` WHERE ( switch=1 )  [ RunTime:0.0010s ]
SQL: SELECT * FROM `t_config` WHERE ( id=1 ) LIMIT 1   [ RunTime:0.0010s ]
SQL: SELECT * FROM `t_word` WHERE ( id=1 ) LIMIT 1   [ RunTime:0.0000s ]
SQL: SELECT * FROM `t_words` WHERE ( pid=1 )  [ RunTime:0.0000s ]
INFO: [ view_parse ] --START--
INFO: [ template_filter ] --START--
INFO: Run Behavior\ContentReplaceBehavior [ RunTime:0.000000s ]
INFO: [ template_filter ] --END-- [ RunTime:0.000000s ]
SQL: SELECT * FROM `t_wordss` WHERE (  switch = 1 and pid=1 )  [ RunTime:0.0010s ]
SQL: SELECT * FROM `t_wordss` WHERE (  switch = 1 and pid=1 )  [ RunTime:0.0010s ]
SQL: SELECT * FROM `t_wordss` WHERE (  switch = 1 and pid=2 )  [ RunTime:0.0010s ]
SQL: SELECT * FROM `t_wordss` WHERE (  switch = 1 and pid=2 )  [ RunTime:0.0010s ]
SQL: SELECT * FROM `t_wordss` WHERE (  switch = 1 and pid=4 )  [ RunTime:0.0010s ]
SQL: SELECT * FROM `t_wordss` WHERE (  switch = 1 and pid=4 )  [ RunTime:0.0000s ]
INFO: Run Behavior\ParseTemplateBehavior [ RunTime:0.032002s ]
INFO: [ view_parse ] --END-- [ RunTime:0.032002s ]
INFO: [ view_filter ] --START--
INFO: Run Behavior\WriteHtmlCacheBehavior [ RunTime:0.000000s ]
INFO: [ view_filter ] --END-- [ RunTime:0.000000s ]
INFO: [ app_end ] --START--
INFO: Run Behavior\ShowPageTraceBehavior [ RunTime:0.001000s ]
INFO: [ app_end ] --END-- [ RunTime:0.001000s ]

[ 2019-04-12T09:13:18+08:00 ] 127.0.0.1 /index.php/home/index/words?sid=1
INFO: [ app_init ] --START--
INFO: Run Behavior\BuildLiteBehavior [ RunTime:0.000000s ]
INFO: [ app_init ] --END-- [ RunTime:0.000000s ]
INFO: [ app_begin ] --START--
INFO: Run Behavior\ReadHtmlCacheBehavior [ RunTime:0.001000s ]
INFO: [ app_begin ] --END-- [ RunTime:0.001000s ]
SQL: SELECT * FROM `t_product` WHERE ( switch=1 )  [ RunTime:0.0010s ]
SQL: SELECT * FROM `t_product` WHERE ( switch=1 )  [ RunTime:0.0000s ]
SQL: SELECT * FROM `t_config` WHERE ( id=1 ) LIMIT 1   [ RunTime:0.0000s ]
SQL: SELECT * FROM `t_word` WHERE ( id=1 ) LIMIT 1   [ RunTime:0.0000s ]
SQL: SELECT * FROM `t_words` WHERE ( pid=1 )  [ RunTime:0.0010s ]
INFO: [ view_parse ] --START--
INFO: [ template_filter ] --START--
INFO: Run Behavior\ContentReplaceBehavior [ RunTime:0.001000s ]
INFO: [ template_filter ] --END-- [ RunTime:0.001000s ]
SQL: SELECT * FROM `t_wordss` WHERE (  switch = 1 and pid=1 )  [ RunTime:0.0010s ]
SQL: SELECT * FROM `t_wordss` WHERE (  switch = 1 and pid=1 )  [ RunTime:0.0000s ]
SQL: SELECT * FROM `t_wordss` WHERE (  switch = 1 and pid=2 )  [ RunTime:0.0000s ]
SQL: SELECT * FROM `t_wordss` WHERE (  switch = 1 and pid=2 )  [ RunTime:0.0010s ]
SQL: SELECT * FROM `t_wordss` WHERE (  switch = 1 and pid=4 )  [ RunTime:0.0000s ]
SQL: SELECT * FROM `t_wordss` WHERE (  switch = 1 and pid=4 )  [ RunTime:0.0000s ]
INFO: Run Behavior\ParseTemplateBehavior [ RunTime:0.013000s ]
INFO: [ view_parse ] --END-- [ RunTime:0.014000s ]
INFO: [ view_filter ] --START--
INFO: Run Behavior\WriteHtmlCacheBehavior [ RunTime:0.000000s ]
INFO: [ view_filter ] --END-- [ RunTime:0.000000s ]
INFO: [ app_end ] --START--
INFO: Run Behavior\ShowPageTraceBehavior [ RunTime:0.000000s ]
INFO: [ app_end ] --END-- [ RunTime:0.000000s ]

[ 2019-04-12T09:16:55+08:00 ] 127.0.0.1 /index.php/home/index/words?sid=1
INFO: [ app_init ] --START--
INFO: Run Behavior\BuildLiteBehavior [ RunTime:0.000000s ]
INFO: [ app_init ] --END-- [ RunTime:0.001000s ]
INFO: [ app_begin ] --START--
INFO: Run Behavior\ReadHtmlCacheBehavior [ RunTime:0.001001s ]
INFO: [ app_begin ] --END-- [ RunTime:0.001001s ]
SQL: SELECT * FROM `t_product` WHERE ( switch=1 )  [ RunTime:0.0010s ]
SQL: SELECT * FROM `t_product` WHERE ( switch=1 )  [ RunTime:0.0010s ]
SQL: SELECT * FROM `t_config` WHERE ( id=1 ) LIMIT 1   [ RunTime:0.0010s ]
SQL: SELECT * FROM `t_word` WHERE ( id=1 ) LIMIT 1   [ RunTime:0.0020s ]
SQL: SELECT * FROM `t_words` WHERE ( pid=1 )  [ RunTime:0.0010s ]
INFO: [ view_parse ] --START--
INFO: [ template_filter ] --START--
INFO: Run Behavior\ContentReplaceBehavior [ RunTime:0.000000s ]
INFO: [ template_filter ] --END-- [ RunTime:0.001000s ]
SQL: SELECT * FROM `t_wordss` WHERE (  switch = 1 and pid=1 )  [ RunTime:0.0010s ]
SQL: SELECT * FROM `t_wordss` WHERE (  switch = 1 and pid=1 )  [ RunTime:0.0000s ]
SQL: SELECT * FROM `t_wordss` WHERE (  switch = 1 and pid=2 )  [ RunTime:0.0010s ]
SQL: SELECT * FROM `t_wordss` WHERE (  switch = 1 and pid=2 )  [ RunTime:0.0000s ]
SQL: SELECT * FROM `t_wordss` WHERE (  switch = 1 and pid=4 )  [ RunTime:0.0000s ]
SQL: SELECT * FROM `t_wordss` WHERE (  switch = 1 and pid=4 )  [ RunTime:0.0000s ]
INFO: Run Behavior\ParseTemplateBehavior [ RunTime:0.016000s ]
INFO: [ view_parse ] --END-- [ RunTime:0.016000s ]
INFO: [ view_filter ] --START--
INFO: Run Behavior\WriteHtmlCacheBehavior [ RunTime:0.000000s ]
INFO: [ view_filter ] --END-- [ RunTime:0.000000s ]
INFO: [ app_end ] --START--
INFO: Run Behavior\ShowPageTraceBehavior [ RunTime:0.000000s ]
INFO: [ app_end ] --END-- [ RunTime:0.000000s ]

[ 2019-04-12T09:17:03+08:00 ] 127.0.0.1 /index.php/home/index/words?sid=1
INFO: [ app_init ] --START--
INFO: Run Behavior\BuildLiteBehavior [ RunTime:0.000000s ]
INFO: [ app_init ] --END-- [ RunTime:0.000000s ]
INFO: [ app_begin ] --START--
INFO: Run Behavior\ReadHtmlCacheBehavior [ RunTime:0.001000s ]
INFO: [ app_begin ] --END-- [ RunTime:0.001000s ]
SQL: SELECT * FROM `t_product` WHERE ( switch=1 )  [ RunTime:0.0010s ]
SQL: SELECT * FROM `t_product` WHERE ( switch=1 )  [ RunTime:0.0000s ]
SQL: SELECT * FROM `t_config` WHERE ( id=1 ) LIMIT 1   [ RunTime:0.0000s ]
SQL: SELECT * FROM `t_word` WHERE ( id=1 ) LIMIT 1   [ RunTime:0.0000s ]
SQL: SELECT * FROM `t_words` WHERE ( pid=1 )  [ RunTime:0.0020s ]
INFO: [ view_parse ] --START--
INFO: [ template_filter ] --START--
INFO: Run Behavior\ContentReplaceBehavior [ RunTime:0.000000s ]
INFO: [ template_filter ] --END-- [ RunTime:0.000000s ]
SQL: SELECT * FROM `t_wordss` WHERE (  switch = 1 and pid=1 )  [ RunTime:0.0020s ]
SQL: SELECT * FROM `t_wordss` WHERE (  switch = 1 and pid=1 )  [ RunTime:0.0010s ]
SQL: SELECT * FROM `t_wordss` WHERE (  switch = 1 and pid=2 )  [ RunTime:0.0000s ]
SQL: SELECT * FROM `t_wordss` WHERE (  switch = 1 and pid=2 )  [ RunTime:0.0000s ]
SQL: SELECT * FROM `t_wordss` WHERE (  switch = 1 and pid=4 )  [ RunTime:0.0010s ]
SQL: SELECT * FROM `t_wordss` WHERE (  switch = 1 and pid=4 )  [ RunTime:0.0000s ]
INFO: Run Behavior\ParseTemplateBehavior [ RunTime:0.025001s ]
INFO: [ view_parse ] --END-- [ RunTime:0.025001s ]
INFO: [ view_filter ] --START--
INFO: Run Behavior\WriteHtmlCacheBehavior [ RunTime:0.001000s ]
INFO: [ view_filter ] --END-- [ RunTime:0.001000s ]
INFO: [ app_end ] --START--
INFO: Run Behavior\ShowPageTraceBehavior [ RunTime:0.001000s ]
INFO: [ app_end ] --END-- [ RunTime:0.001000s ]

